[GIN-debug] GET    /api/v1/list              --> github.com/danielpaulus/go-ios/restapi/api.List (5 handlers)
[GIN-debug] POST   /api/v1/device/:udid/activate --> github.com/danielpaulus/go-ios/restapi/api.Activate (6 handlers)
[GIN-debug] GET    /api/v1/device/:udid/conditions --> github.com/danielpaulus/go-ios/restapi/api.GetSupportedConditions (6 handlers)
[GIN-debug] PUT    /api/v1/device/:udid/enable-condition --> github.com/danielpaulus/go-ios/restapi/api.EnableDeviceCondition (6 handlers)
[GIN-debug] POST   /api/v1/device/:udid/disable-condition --> github.com/danielpaulus/go-ios/restapi/api.DisableDeviceCondition (6 handlers)
[GIN-debug] GET    /api/v1/device/:udid/image --> github.com/danielpaulus/go-ios/restapi/api.GetImages (6 handlers)
[GIN-debug] PUT    /api/v1/device/:udid/image --> github.com/danielpaulus/go-ios/restapi/api.InstallImage (6 handlers)
[GIN-debug] GET    /api/v1/device/:udid/notifications --> github.com/danielpaulus/go-ios/restapi/api.Notifications (7 handlers)
[GIN-debug] GET    /api/v1/device/:udid/info --> github.com/danielpaulus/go-ios/restapi/api.Info (6 handlers)
[GIN-debug] GET    /api/v1/device/:udid/listen --> github.com/danielpaulus/go-ios/restapi/api.Listen (7 handlers)
[GIN-debug] POST   /api/v1/device/:udid/pair --> github.com/danielpaulus/go-ios/restapi/api.PairDevice (6 handlers)
[GIN-debug] GET    /api/v1/device/:udid/profiles --> github.com/danielpaulus/go-ios/restapi/api.GetProfiles (6 handlers)
[GIN-debug] POST   /api/v1/device/:udid/resetlocation --> github.com/danielpaulus/go-ios/restapi/api.ResetLocation (6 handlers)
[GIN-debug] GET    /api/v1/device/:udid/screenshot --> github.com/danielpaulus/go-ios/restapi/api.Screenshot (6 handlers)
[GIN-debug] PUT    /api/v1/device/:udid/setlocation --> github.com/danielpaulus/go-ios/restapi/api.SetLocation (6 handlers)
[GIN-debug] GET    /api/v1/device/:udid/syslog --> github.com/danielpaulus/go-ios/restapi/api.Syslog (7 handlers)
[GIN-debug] POST   /api/v1/device/:udid/wda/session --> github.com/danielpaulus/go-ios/restapi/api.CreateWdaSession (6 handlers)
[GIN-debug] GET    /api/v1/device/:udid/wda/session/:sessionId --> github.com/danielpaulus/go-ios/restapi/api.ReadWdaSession (6 handlers)
[GIN-debug] DELETE /api/v1/device/:udid/wda/session/:sessionId --> github.com/danielpaulus/go-ios/restapi/api.DeleteWdaSession (6 handlers)
[GIN-debug] GET    /api/v1/device/:udid/apps/ --> github.com/danielpaulus/go-ios/restapi/api.ListApps (7 handlers)
[GIN-debug] POST   /api/v1/device/:udid/apps/launch --> github.com/danielpaulus/go-ios/restapi/api.LaunchApp (7 handlers)
[GIN-debug] POST   /api/v1/device/:udid/apps/kill --> github.com/danielpaulus/go-ios/restapi/api.KillApp (7 handlers)
[GIN-debug] POST   /api/v1/device/:udid/apps/install --> github.com/danielpaulus/go-ios/restapi/api.InstallApp (7 handlers)
[GIN-debug] POST   /api/v1/device/:udid/apps/uninstall --> github.com/danielpaulus/go-ios/restapi/api.UninstallApp (7 handlers)
[GIN-debug] GET    /swagger/*any             --> github.com/swaggo/gin-swagger.CustomWrapHandler.func1 (5 handlers)
[GIN-debug] [WARNING] You trusted all proxies, this is NOT safe. We recommend you to set a value.
Please check https://pkg.go.dev/github.com/gin-gonic/gin#readme-don-t-trust-all-proxies for details.
[GIN-debug] Listening and serving HTTP on :8080
